<?xml version="1.0" encoding="UTF-8"?>
<!-- Generated by org.testng.reporters.JUnitReportReporter -->
<testsuite skipped="0" hostname="DESKTOP-D1EGUAA" name="TestNg.TestNG.ParameterTesting" tests="2" failures="0" timestamp="2022-10-06T13:34:59 IST" time="25.557" errors="0">
  <testcase name="test2" time="17.798" classname="TestNg.TestNG.ParameterTesting"/>
  <system-out/>
  <testcase name="test1" time="7.759" classname="TestNg.TestNG.ParameterTesting"/>
  <system-out/>
</testsuite> <!-- TestNg.TestNG.ParameterTesting -->
