<?xml version="1.0" encoding="UTF-8"?>
<!-- Generated by org.testng.reporters.JUnitReportReporter -->
<testsuite skipped="0" hostname="DESKTOP-D1EGUAA" name="TestNg.TestNG.FirstTest" tests="2" failures="0" timestamp="2022-10-06T11:25:21 IST" time="23.348" errors="0">
  <testcase name="test1" time="6.231" classname="TestNg.TestNG.FirstTest"/>
  <system-out/>
  <testcase name="test2" time="17.117" classname="TestNg.TestNG.FirstTest"/>
  <system-out/>
</testsuite> <!-- TestNg.TestNG.FirstTest -->
