<?xml version="1.0" encoding="UTF-8"?>
<!-- Generated by org.testng.reporters.JUnitReportReporter -->
<testsuite skipped="0" hostname="DESKTOP-D1EGUAA" name="TestNg.TestNG.PriorityTesting" tests="7" failures="0" timestamp="2022-10-06T13:35:23 IST" time="0.145" errors="0">
  <testcase name="signup" time="0.133" classname="TestNg.TestNG.PriorityTesting"/>
  <system-out/>
  <testcase name="signin" time="0.003" classname="TestNg.TestNG.PriorityTesting"/>
  <system-out/>
  <testcase name="search" time="0.002" classname="TestNg.TestNG.PriorityTesting"/>
  <system-out/>
  <testcase name="book" time="0.002" classname="TestNg.TestNG.PriorityTesting"/>
  <system-out/>
  <testcase name="save" time="0.002" classname="TestNg.TestNG.PriorityTesting"/>
  <system-out/>
  <testcase name="pay" time="0.002" classname="TestNg.TestNG.PriorityTesting"/>
  <system-out/>
  <testcase name="logout" time="0.001" classname="TestNg.TestNG.PriorityTesting"/>
  <system-out/>
</testsuite> <!-- TestNg.TestNG.PriorityTesting -->
