<?xml version="1.0" encoding="UTF-8"?>
<!-- Generated by org.testng.reporters.JUnitReportReporter -->
<testsuite skipped="0" hostname="DESKTOP-D1EGUAA" name="TestNg.TestNG.NewTest" tests="7" failures="0" timestamp="2022-10-06T11:33:30 IST" time="0.048" errors="0">
  <testcase name="signup" time="0.019" classname="TestNg.TestNG.NewTest"/>
  <system-out/>
  <testcase name="signin" time="0.010" classname="TestNg.TestNG.NewTest"/>
  <system-out/>
  <testcase name="search" time="0.003" classname="TestNg.TestNG.NewTest"/>
  <system-out/>
  <testcase name="book" time="0.003" classname="TestNg.TestNG.NewTest"/>
  <system-out/>
  <testcase name="save" time="0.003" classname="TestNg.TestNG.NewTest"/>
  <system-out/>
  <testcase name="pay" time="0.006" classname="TestNg.TestNG.NewTest"/>
  <system-out/>
  <testcase name="logout" time="0.004" classname="TestNg.TestNG.NewTest"/>
  <system-out/>
</testsuite> <!-- TestNg.TestNG.NewTest -->
