<?xml version="1.0" encoding="UTF-8"?>
<!-- Generated by org.testng.reporters.JUnitReportReporter -->
<testsuite skipped="0" hostname="DESKTOP-D1EGUAA" name="com.example.FirstTest" tests="2" failures="0" timestamp="2022-10-10T17:54:30 IST" time="18.989" errors="0">
  <testcase name="test2" time="13.521" classname="com.example.FirstTest"/>
  <system-out/>
  <testcase name="test1" time="5.468" classname="com.example.FirstTest"/>
  <system-out/>
</testsuite> <!-- com.example.FirstTest -->
