<?xml version="1.0" encoding="UTF-8"?>
<!-- Generated by org.testng.reporters.JUnitReportReporter -->
<testsuite skipped="0" hostname="DESKTOP-D1EGUAA" name="com.example.NewTest" tests="2" failures="0" timestamp="2022-10-06T13:39:02 IST" time="0.007" errors="0">
  <testcase name="test4" time="0.002" classname="com.example.NewTest"/>
  <system-out/>
  <testcase name="test6" time="0.005" classname="com.example.NewTest"/>
  <system-out/>
</testsuite> <!-- com.example.NewTest -->
