<?xml version="1.0" encoding="UTF-8"?>
<!-- Generated by org.testng.reporters.JUnitReportReporter -->
<testsuite skipped="0" hostname="DESKTOP-D1EGUAA" name="com.example.FirstTest" tests="1" failures="0" timestamp="2022-10-06T13:39:02 IST" time="0.020" errors="0">
  <testcase name="test1" time="0.020" classname="com.example.FirstTest"/>
  <system-out/>
</testsuite> <!-- com.example.FirstTest -->
