<?xml version="1.0" encoding="UTF-8"?>
<!-- Generated by org.testng.reporters.JUnitReportReporter -->
<testsuite skipped="0" hostname="DESKTOP-D1EGUAA" name="com.example.demo.AadharCitizen" tests="2" failures="0" timestamp="2022-10-20T13:52:11 IST" time="67.106" errors="0">
  <testcase name="CitizenCheck" time="12.711" classname="com.example.demo.AadharCitizen"/>
  <system-out/>
  <testcase name="ChromeBrowser" time="54.395" classname="com.example.demo.AadharCitizen"/>
  <system-out/>
</testsuite> <!-- com.example.demo.AadharCitizen -->
