<?xml version="1.0" encoding="UTF-8"?>
<!-- Generated by org.testng.reporters.JUnitReportReporter -->
<testsuite skipped="0" hostname="DESKTOP-D1EGUAA" name="com.example.demo.AadharAdmin" tests="2" failures="0" timestamp="2022-10-20T13:55:15 IST" time="37.153" errors="0">
  <testcase name="ChromeBrowser" time="20.950" classname="com.example.demo.AadharAdmin"/>
  <system-out/>
  <testcase name="TestHome" time="16.203" classname="com.example.demo.AadharAdmin"/>
  <system-out/>
</testsuite> <!-- com.example.demo.AadharAdmin -->
