<?xml version="1.0" encoding="UTF-8"?>
<!-- Generated by org.testng.reporters.JUnitReportReporter -->
<testsuite skipped="0" hostname="DESKTOP-D1EGUAA" name="com.example.demo.AadharRegister" tests="2" failures="0" timestamp="2022-10-20T13:49:06 IST" time="22.637" errors="0">
  <testcase name="TestHome" time="10.538" classname="com.example.demo.AadharRegister"/>
  <system-out/>
  <testcase name="ChromeBrowser" time="12.099" classname="com.example.demo.AadharRegister"/>
  <system-out/>
</testsuite> <!-- com.example.demo.AadharRegister -->
